2021.01.13 13:08:57 INFO  Started: Metals version 0.9.8 in workspace 'C:\Users\Micha\Development\AWebService\resteasy-guice-hello' for client vscode.
2021.01.13 13:08:58 INFO  time: initialize in 1.29s
2021.01.13 13:09:01 WARN  Build server is not auto-connectable.
2021.01.13 13:09:02 ERROR Unexpected error initializing server
java.io.UncheckedIOException: java.nio.file.AccessDeniedException: C:\Users\Micha\Development\AWebService\resteasy-guice-hello\target\classes\org\jboss\resteasy\examples\guice\hello
	at java.nio.file.FileTreeIterator.fetchNextIfNeeded(FileTreeIterator.java:87)
	at java.nio.file.FileTreeIterator.hasNext(FileTreeIterator.java:103)
	at java.util.Spliterators$IteratorSpliterator.tryAdvance(Spliterators.java:1811)
	at java.util.stream.StreamSpliterators$WrappingSpliterator.lambda$initPartialTraversalState$0(StreamSpliterators.java:294)
	at java.util.stream.StreamSpliterators$AbstractWrappingSpliterator.fillBuffer(StreamSpliterators.java:206)
	at java.util.stream.StreamSpliterators$AbstractWrappingSpliterator.doAdvance(StreamSpliterators.java:169)
	at java.util.stream.StreamSpliterators$WrappingSpliterator.tryAdvance(StreamSpliterators.java:300)
	at java.util.Spliterators$1Adapter.hasNext(Spliterators.java:681)
	at scala.collection.convert.Wrappers$JIteratorWrapper.hasNext(Wrappers.scala:43)
	at geny.Generator$SelfClosing.generate(Generator.scala:228)
	at geny.Generator$Mapped.generate(Generator.scala:283)
	at geny.Generator.find(Generator.scala:56)
	at geny.Generator.find$(Generator.scala:54)
	at geny.Generator$Mapped.find(Generator.scala:281)
	at geny.Generator.exists(Generator.scala:65)
	at geny.Generator.exists$(Generator.scala:65)
	at geny.Generator$Mapped.exists(Generator.scala:281)
	at geny.Generator.forall(Generator.scala:67)
	at geny.Generator.forall$(Generator.scala:67)
	at geny.Generator$Mapped.forall(Generator.scala:281)
	at scala.meta.internal.builds.MavenDigest$.digestWorkspace(MavenDigest.scala:13)
	at scala.meta.internal.builds.Digestable.current(Digest.scala:188)
	at scala.meta.internal.builds.Digestable.current$(Digest.scala:177)
	at scala.meta.internal.builds.MavenDigest$.current(MavenDigest.scala:8)
	at scala.meta.internal.builds.MavenBuildTool.digest(MavenBuildTool.scala:53)
	at scala.meta.internal.metals.MetalsLanguageServer.$anonfun$slowConnectToBuildServer$3(MetalsLanguageServer.scala:1796)
	at scala.concurrent.Future.$anonfun$flatMap$1(Future.scala:307)
	at scala.concurrent.impl.Promise.$anonfun$transformWith$1(Promise.scala:41)
	at scala.concurrent.impl.CallbackRunnable.run(Promise.scala:64)
	at java.util.concurrent.ThreadPoolExecutor.runWorker(ThreadPoolExecutor.java:1128)
	at java.util.concurrent.ThreadPoolExecutor$Worker.run(ThreadPoolExecutor.java:628)
	at java.lang.Thread.run(Thread.java:834)
Caused by: java.nio.file.AccessDeniedException: C:\Users\Micha\Development\AWebService\resteasy-guice-hello\target\classes\org\jboss\resteasy\examples\guice\hello
	at sun.nio.fs.WindowsException.translateToIOException(WindowsException.java:89)
	at sun.nio.fs.WindowsException.rethrowAsIOException(WindowsException.java:103)
	at sun.nio.fs.WindowsException.rethrowAsIOException(WindowsException.java:108)
	at sun.nio.fs.WindowsDirectoryStream.<init>(WindowsDirectoryStream.java:86)
	at sun.nio.fs.WindowsFileSystemProvider.newDirectoryStream(WindowsFileSystemProvider.java:523)
	at java.nio.file.Files.newDirectoryStream(Files.java:471)
	at java.nio.file.FileTreeWalker.visit(FileTreeWalker.java:300)
	at java.nio.file.FileTreeWalker.next(FileTreeWalker.java:373)
	at java.nio.file.FileTreeIterator.fetchNextIfNeeded(FileTreeIterator.java:83)
	at java.nio.file.FileTreeIterator.hasNext(FileTreeIterator.java:103)
	at java.util.Spliterators$IteratorSpliterator.tryAdvance(Spliterators.java:1811)
	at java.util.stream.StreamSpliterators$WrappingSpliterator.lambda$initPartialTraversalState$0(StreamSpliterators.java:294)
	at java.util.stream.StreamSpliterators$AbstractWrappingSpliterator.fillBuffer(StreamSpliterators.java:206)
	at java.util.stream.StreamSpliterators$AbstractWrappingSpliterator.doAdvance(StreamSpliterators.java:169)
	at java.util.stream.StreamSpliterators$WrappingSpliterator.tryAdvance(StreamSpliterators.java:300)
	at java.util.Spliterators$1Adapter.hasNext(Spliterators.java:681)
	at scala.collection.convert.Wrappers$JIteratorWrapper.hasNext(Wrappers.scala:43)
	at geny.Generator$SelfClosing.generate(Generator.scala:228)
	at geny.Generator$Mapped.generate(Generator.scala:283)
	at geny.Generator.find(Generator.scala:56)
	at geny.Generator.find$(Generator.scala:54)
	at geny.Generator$Mapped.find(Generator.scala:281)
	at geny.Generator.exists(Generator.scala:65)
	at geny.Generator.exists$(Generator.scala:65)
	at geny.Generator$Mapped.exists(Generator.scala:281)
	at geny.Generator.forall(Generator.scala:67)
	at geny.Generator.forall$(Generator.scala:67)
	at geny.Generator$Mapped.forall(Generator.scala:281)
	at scala.meta.internal.builds.MavenDigest$.digestWorkspace(MavenDigest.scala:13)
	at scala.meta.internal.builds.Digestable.current(Digest.scala:188)
	at scala.meta.internal.builds.Digestable.current$(Digest.scala:177)
	at scala.meta.internal.builds.MavenDigest$.current(MavenDigest.scala:8)
	at scala.meta.internal.builds.MavenBuildTool.digest(MavenBuildTool.scala:53)
	at scala.meta.internal.metals.MetalsLanguageServer.$anonfun$slowConnectToBuildServer$3(MetalsLanguageServer.scala:1796)
	at scala.concurrent.Future.$anonfun$flatMap$1(Future.scala:307)
	at scala.concurrent.impl.Promise.$anonfun$transformWith$1(Promise.scala:41)
	at scala.concurrent.impl.CallbackRunnable.run(Promise.scala:64)
	at java.util.concurrent.ThreadPoolExecutor.runWorker(ThreadPoolExecutor.java:1128)
	at java.util.concurrent.ThreadPoolExecutor$Worker.run(ThreadPoolExecutor.java:628)
	at java.lang.Thread.run(Thread.java:834)

Jan 13, 2021 1:19:07 PM org.eclipse.lsp4j.jsonrpc.services.GenericEndpoint notify
INFO: Unsupported notification method: $/setTraceNotification
